#
# There is insufficient memory for the Java Runtime Environment to continue.
# Native memory allocation (mmap) failed to map 264241152 bytes for G1 virtual space
# Possible reasons:
#   The system is out of physical RAM or swap space
#   The process is running with CompressedOops enabled, and the Java Heap may be blocking the growth of the native heap
# Possible solutions:
#   Reduce memory load on the system
#   Increase physical memory or swap space
#   Check if swap backing store is full
#   Decrease Java heap size (-Xmx/-Xms)
#   Decrease number of Java threads
#   Decrease Java thread stack sizes (-Xss)
#   Set larger code cache with -XX:ReservedCodeCacheSize=
#   JVM is running with Zero Based Compressed Oops mode in which the Java heap is
#     placed in the first 32GB address space. The Java Heap base address is the
#     maximum limit for the native heap growth. Please use -XX:HeapBaseMinAddress
#     to set the Java Heap base and to place the Java Heap above 32GB virtual address.
# This output file may be truncated or incomplete.
#
#  Out of Memory Error (os_windows.cpp:3541), pid=36712, tid=21968
#
# JRE version:  (17.0.5+9) (build )
# Java VM: Java HotSpot(TM) 64-Bit Server VM (17.0.5+9-LTS-191, mixed mode, sharing, tiered, compressed oops, compressed class ptrs, g1 gc, windows-amd64)
# No core dump will be written. Minidumps are not enabled by default on client versions of Windows
#

---------------  S U M M A R Y ------------

Command Line: -Dfile.encoding=UTF-8 -Dstdout.encoding=UTF-8 -Dstderr.encoding=UTF-8 --module-path=D:\13.MSCS\repo__\dev-cs\Assignment\11\projectGradingAppJava\bin -XX:+ShowCodeDetailsInExceptionMessages -Djdk.module.main=projectGradingAppJava projectGradingAppJava/projectGradingAppJava.GradingAppDriver

Host: 11th Gen Intel(R) Core(TM) i5-1135G7 @ 2.40GHz, 8 cores, 15G,  Windows 11 , 64 bit Build 22621 (10.0.22621.2506)
Time: Sun Jan  7 22:23:16 2024 Eastern Standard Time elapsed time: 0.027079 seconds (0d 0h 0m 0s)

---------------  T H R E A D  ---------------

Current thread (0x000001c4e11ec9a0):  JavaThread "Unknown thread" [_thread_in_vm, id=21968, stack(0x0000003919200000,0x0000003919300000)]

Stack: [0x0000003919200000,0x0000003919300000]
Native frames: (J=compiled Java code, j=interpreted, Vv=VM code, C=native code)
V  [jvm.dll+0x672eea]
V  [jvm.dll+0x7d2a04]
V  [jvm.dll+0x7d41ae]
V  [jvm.dll+0x7d4813]
V  [jvm.dll+0x242c15]
V  [jvm.dll+0x66fe09]
V  [jvm.dll+0x664682]
V  [jvm.dll+0x300e8b]
V  [jvm.dll+0x308426]
V  [jvm.dll+0x357ffe]
V  [jvm.dll+0x35822f]
V  [jvm.dll+0x2d80a8]
V  [jvm.dll+0x2d9014]
V  [jvm.dll+0x7a44e1]
V  [jvm.dll+0x365df1]
V  [jvm.dll+0x7838fc]
V  [jvm.dll+0x3e873f]
V  [jvm.dll+0x3ea1e1]
C  [jli.dll+0x527b]
C  [ucrtbase.dll+0x29363]
C  [KERNEL32.DLL+0x1257d]
C  [ntdll.dll+0x5aa58]


---------------  P R O C E S S  ---------------

Threads class SMR info:
_java_thread_list=0x00007ff88b0ba8d8, length=0, elements={
}

Java Threads: ( => current thread )

Other Threads:
  0x000001c4e1256a30 GCTaskThread "GC Thread#0" [stack: 0x0000003919300000,0x0000003919400000] [id=33796]
  0x000001c4e12674c0 ConcurrentGCThread "G1 Main Marker" [stack: 0x0000003919400000,0x0000003919500000] [id=41924]
  0x000001c4e1267ed0 ConcurrentGCThread "G1 Conc#0" [stack: 0x0000003919500000,0x0000003919600000] [id=10040]

[error occurred during error reporting (printing all threads), id 0xc0000005, EXCEPTION_ACCESS_VIOLATION (0xc0000005) at pc=0x00007ff88a908a97]

VM state: not at safepoint (not fully initialized)

VM Mutex/Monitor currently owned by a thread:  ([mutex/lock_event])
[0x000001c4e11e6fe0] Heap_lock - owner thread: 0x000001c4e11ec9a0

Heap address: 0x0000000704a00000, size: 4022 MB, Compressed Oops mode: Zero based, Oop shift amount: 3

CDS archive(s) mapped at: [0x0000000000000000-0x0000000000000000-0x0000000000000000), size 0, SharedBaseAddress: 0x0000000800000000, ArchiveRelocationMode: 0.
Narrow klass base: 0x0000000000000000, Narrow klass shift: 0, Narrow klass range: 0x0

GC Precious Log:
<Empty>

Heap:
 garbage-first heap   total 0K, used 0K [0x0000000704a00000, 0x0000000800000000)
  region size 2048K, 0 young (0K), 0 survivors (0K)

[error occurred during error reporting (printing heap information), id 0xc0000005, EXCEPTION_ACCESS_VIOLATION (0xc0000005) at pc=0x00007ff88acec399]

GC Heap History (0 events):
No events

Deoptimization events (0 events):
No events

Classes unloaded (0 events):
No events

Classes redefined (0 events):
No events

Internal exceptions (0 events):
No events

VM Operations (0 events):
No events

Events (1 events):
Event: 0.019 Loaded shared library C:\Program Files\Java\jdk-17.0.5\bin\java.dll


Dynamic libraries:
0x00007ff602d80000 - 0x00007ff602d90000 	C:\Program Files\Java\jdk-17.0.5\bin\javaw.exe
0x00007ff911c50000 - 0x00007ff911e67000 	C:\WINDOWS\SYSTEM32\ntdll.dll
0x00007ff90fdc0000 - 0x00007ff90fe84000 	C:\WINDOWS\System32\KERNEL32.DLL
0x00007ff90f0e0000 - 0x00007ff90f486000 	C:\WINDOWS\System32\KERNELBASE.dll
0x00007ff909320000 - 0x00007ff9093b7000 	C:\WINDOWS\SYSTEM32\apphelp.dll
0x00007ff90f5a0000 - 0x00007ff90f6b1000 	C:\WINDOWS\System32\ucrtbase.dll
0x00007ff8d5a50000 - 0x00007ff8d5a68000 	C:\Program Files\Java\jdk-17.0.5\bin\jli.dll
0x00007ff911600000 - 0x00007ff9116b1000 	C:\WINDOWS\System32\ADVAPI32.dll
0x00007ff90f9a0000 - 0x00007ff90fa47000 	C:\WINDOWS\System32\msvcrt.dll
0x00007ff910890000 - 0x00007ff910935000 	C:\WINDOWS\System32\sechost.dll
0x00007ff8d5670000 - 0x00007ff8d568a000 	C:\Program Files\Java\jdk-17.0.5\bin\VCRUNTIME140.dll
0x00007ff9118b0000 - 0x00007ff9119c7000 	C:\WINDOWS\System32\RPCRT4.dll
0x00007ff9116c0000 - 0x00007ff91186e000 	C:\WINDOWS\System32\USER32.dll
0x00007ff90f6c0000 - 0x00007ff90f6e6000 	C:\WINDOWS\System32\win32u.dll
0x00007ff911560000 - 0x00007ff911589000 	C:\WINDOWS\System32\GDI32.dll
0x00007ff90efc0000 - 0x00007ff90f0d8000 	C:\WINDOWS\System32\gdi32full.dll
0x00007ff90f500000 - 0x00007ff90f59a000 	C:\WINDOWS\System32\msvcp_win.dll
0x00007ff8ff5b0000 - 0x00007ff8ff843000 	C:\WINDOWS\WinSxS\amd64_microsoft.windows.common-controls_6595b64144ccf1df_6.0.22621.2506_none_270c5ae97388e100\COMCTL32.dll
0x00007ff903a20000 - 0x00007ff903a2a000 	C:\WINDOWS\SYSTEM32\VERSION.dll
0x00007ff911870000 - 0x00007ff9118a1000 	C:\WINDOWS\System32\IMM32.DLL
0x00007ff8d9bf0000 - 0x00007ff8d9bfc000 	C:\Program Files\Java\jdk-17.0.5\bin\vcruntime140_1.dll
0x00007ff88a3c0000 - 0x00007ff88a44d000 	C:\Program Files\Java\jdk-17.0.5\bin\msvcp140.dll
0x00007ff88a620000 - 0x00007ff88b1e2000 	C:\Program Files\Java\jdk-17.0.5\bin\server\jvm.dll
0x00007ff90fc90000 - 0x00007ff90fc98000 	C:\WINDOWS\System32\PSAPI.DLL
0x00007ff8e76d0000 - 0x00007ff8e76d9000 	C:\WINDOWS\SYSTEM32\WSOCK32.dll
0x00007ff9114e0000 - 0x00007ff911551000 	C:\WINDOWS\System32\WS2_32.dll
0x00007ff904310000 - 0x00007ff904344000 	C:\WINDOWS\SYSTEM32\WINMM.dll
0x00007ff90e070000 - 0x00007ff90e088000 	C:\WINDOWS\SYSTEM32\kernel.appcore.dll
0x00007ff907760000 - 0x00007ff90776a000 	C:\Program Files\Java\jdk-17.0.5\bin\jimage.dll
0x00007ff90ca20000 - 0x00007ff90cc53000 	C:\WINDOWS\SYSTEM32\DBGHELP.DLL
0x00007ff911030000 - 0x00007ff9113b9000 	C:\WINDOWS\System32\combase.dll
0x00007ff90fba0000 - 0x00007ff90fc77000 	C:\WINDOWS\System32\OLEAUT32.dll
0x00007ff8ef5a0000 - 0x00007ff8ef5d2000 	C:\WINDOWS\SYSTEM32\dbgcore.DLL
0x00007ff90f6f0000 - 0x00007ff90f76a000 	C:\WINDOWS\System32\bcryptPrimitives.dll
0x00007ff8dfb20000 - 0x00007ff8dfb45000 	C:\Program Files\Java\jdk-17.0.5\bin\java.dll

dbghelp: loaded successfully - version: 4.0.5 - missing functions: none
symbol engine: initialized successfully - sym options: 0x614 - pdb path: .;C:\Program Files\Java\jdk-17.0.5\bin;C:\WINDOWS\SYSTEM32;C:\WINDOWS\WinSxS\amd64_microsoft.windows.common-controls_6595b64144ccf1df_6.0.22621.2506_none_270c5ae97388e100;C:\Program Files\Java\jdk-17.0.5\bin\server

VM Arguments:
jvm_args: -Dfile.encoding=UTF-8 -Dstdout.encoding=UTF-8 -Dstderr.encoding=UTF-8 --module-path=D:\13.MSCS\repo__\dev-cs\Assignment\11\projectGradingAppJava\bin -XX:+ShowCodeDetailsInExceptionMessages -Djdk.module.main=projectGradingAppJava 
java_command: projectGradingAppJava/projectGradingAppJava.GradingAppDriver
java_class_path (initial): <not set>
Launcher Type: SUN_STANDARD

[Global flags]
     intx CICompilerCount                          = 4                                         {product} {ergonomic}
     uint ConcGCThreads                            = 2                                         {product} {ergonomic}
     uint G1ConcRefinementThreads                  = 8                                         {product} {ergonomic}
   size_t G1HeapRegionSize                         = 2097152                                   {product} {ergonomic}
    uintx GCDrainStackTargetSize                   = 64                                        {product} {ergonomic}
   size_t InitialHeapSize                          = 264241152                                 {product} {ergonomic}
   size_t MarkStackSize                            = 4194304                                   {product} {ergonomic}
   size_t MaxHeapSize                              = 4217372672                                {product} {ergonomic}
   size_t MinHeapDeltaBytes                        = 2097152                                   {product} {ergonomic}
   size_t MinHeapSize                              = 8388608                                   {product} {ergonomic}
    uintx NonNMethodCodeHeapSize                   = 5839372                                {pd product} {ergonomic}
    uintx NonProfiledCodeHeapSize                  = 122909434                              {pd product} {ergonomic}
    uintx ProfiledCodeHeapSize                     = 122909434                              {pd product} {ergonomic}
    uintx ReservedCodeCacheSize                    = 251658240                              {pd product} {ergonomic}
     bool SegmentedCodeCache                       = true                                      {product} {ergonomic}
     bool ShowCodeDetailsInExceptionMessages       = true                                   {manageable} {command line}
   size_t SoftMaxHeapSize                          = 4217372672                             {manageable} {ergonomic}
     bool UseCompressedClassPointers               = true                           {product lp64_product} {ergonomic}
     bool UseCompressedOops                        = true                           {product lp64_product} {ergonomic}
     bool UseG1GC                                  = true                                      {product} {ergonomic}
     bool UseLargePagesIndividualAllocation        = false                                  {pd product} {ergonomic}

Logging:
Log output configuration:
 #0: stdout all=warning uptime,level,tags
 #1: stderr all=off uptime,level,tags

Environment Variables:
JAVA_HOME=C:\Program Files\Java\jdk-17.0.5
PATH=C:/Program Files/Java/jdk-17.0.5/bin/server;C:/Program Files/Java/jdk-17.0.5/bin;C:\WINDOWS\system32;C:\Program Files\Microsoft SQL Server\Client SDK\ODBC\170\Tools\Binn\;C:\Program Files\dotnet\;C:\Program Files\Azure Data Studio\bin;C:\Program Files (x86)\Windows Kits\10\Windows Performance Toolkit\;C:\Program Files (x86)\Microsoft SQL Server\160\Tools\Binn\;C:\Program Files\Microsoft SQL Server\160\Tools\Binn\;C:\Program Files\Microsoft SQL Server\160\DTS\Binn\;C:\Program Files (x86)\Microsoft SQL Server\160\DTS\Binn\;C:\Program Files\Microsoft SQL Server\150\Tools\Binn\;C:\Program Files\MySQL\MySQL Shell 8.0\bin\;C:\Users\allen\AppData\Local\Microsoft\WindowsApps;C:\Users\allen\AppData\Roaming\npm;C:\Program Files\liquibase;C:\Program Files\Java\jdk-17.0.5\bin;C:\Users\allen\.dotnet\tools;C:\Program Files\Azure Data Studio\bin;C:\WINDOWS\system32;
USERNAME=allen
OS=Windows_NT
PROCESSOR_IDENTIFIER=Intel64 Family 6 Model 140 Stepping 1, GenuineIntel



---------------  S Y S T E M  ---------------

OS:
 Windows 11 , 64 bit Build 22621 (10.0.22621.2506)
OS uptime: 4 days 2:42 hours
Hyper-V role detected

CPU: total 8 (initial active 8) (4 cores per cpu, 2 threads per core) family 6 model 140 stepping 1 microcode 0x86, cx8, cmov, fxsr, ht, mmx, 3dnowpref, sse, sse2, sse3, ssse3, sse4.1, sse4.2, popcnt, lzcnt, tsc, tscinvbit, avx, avx2, aes, erms, clmul, bmi1, bmi2, adx, avx512f, avx512dq, avx512cd, avx512bw, avx512vl, sha, fma, vzeroupper, avx512_vpopcntdq, avx512_vpclmulqdq, avx512_vaes, avx512_vnni, clflush, clflushopt, clwb, avx512_vbmi2, avx512_vbmi, hv

Memory: 4k page, system-wide physical 16086M (124M free)
TotalPageFile size 46326M (AvailPageFile size 108M)
current process WorkingSet (physical memory assigned to process): 12M, peak: 12M
current process commit charge ("private bytes"): 60M, peak: 312M

vm_info: Java HotSpot(TM) 64-Bit Server VM (17.0.5+9-LTS-191) for windows-amd64 JRE (17.0.5+9-LTS-191), built on Sep 13 2022 17:31:43 by "mach5one" with MS VC++ 16.8 / 16.9 (VS2019)

END.
